<?xml version="1.0" encoding="UTF-8"?>
<!-- Generated by org.testng.reporters.JUnitReportReporter -->
<testsuite hostname="LAPTOP-SP4PVLF4" failures="0" tests="1" name="karnataka_tourism.testcase_1" time="7.557" errors="0" timestamp="29 Nov 2022 19:53:10 GMT">
  <testcase classname="karnataka_tourism.testcase_1" name="test" time="7.557"/>
</testsuite> <!-- karnataka_tourism.testcase_1 -->
