<?xml version="1.0" encoding="UTF-8"?>
<!-- Generated by org.testng.reporters.JUnitReportReporter -->
<testsuite hostname="LAPTOP-SP4PVLF4" failures="0" tests="2" name="test_runner.test_runner" time="60.607" errors="0" timestamp="29 Nov 2022 19:22:31 GMT">
  <testcase classname="test_runner.test_runner" name="runScenario" time="19.462"/>
  <testcase classname="test_runner.test_runner" name="runScenario" time="41.145"/>
</testsuite> <!-- test_runner.test_runner -->
