<?xml version="1.0" encoding="UTF-8"?>
<!-- Generated by org.testng.reporters.JUnitReportReporter -->
<testsuite hostname="LAPTOP-SP4PVLF4" failures="0" tests="5" name="karnataka_tourism.testcase_2" time="112.406" errors="0" timestamp="29 Nov 2022 18:48:01 GMT">
  <testcase classname="karnataka_tourism.testcase_2" name="test1" time="31.356"/>
  <testcase classname="karnataka_tourism.testcase_2" name="test3" time="20.002"/>
  <testcase classname="karnataka_tourism.testcase_2" name="test4" time="18.546"/>
  <testcase classname="karnataka_tourism.testcase_2" name="test2" time="20.985"/>
  <testcase classname="karnataka_tourism.testcase_2" name="test5" time="21.517"/>
</testsuite> <!-- karnataka_tourism.testcase_2 -->
