<?xml version="1.0" encoding="UTF-8"?>
<!-- Generated by org.testng.reporters.JUnitReportReporter -->
<testsuite hostname="LAPTOP-SP4PVLF4" failures="0" tests="5" name="karnataka_tourism.testcase_1" time="29.096" errors="0" timestamp="29 Nov 2022 20:01:14 GMT">
  <testcase classname="karnataka_tourism.testcase_1" name="test1" time="6.726"/>
  <testcase classname="karnataka_tourism.testcase_1" name="test" time="7.892"/>
  <testcase classname="karnataka_tourism.testcase_1" name="test2" time="4.155"/>
  <testcase classname="karnataka_tourism.testcase_1" name="test4" time="3.990"/>
  <testcase classname="karnataka_tourism.testcase_1" name="test3" time="6.333"/>
</testsuite> <!-- karnataka_tourism.testcase_1 -->
